[debug] [2022-10-14T04:41:50.440Z] ----------------------------------------------------------------------
[debug] [2022-10-14T04:41:50.441Z] Command:       C:\Program Files\nodejs\node.exe C:\Users\avidm\AppData\Roaming\npm\node_modules\firebase-tools\lib\bin\firebase.js init functions
[debug] [2022-10-14T04:41:50.442Z] CLI Version:   11.14.3
[debug] [2022-10-14T04:41:50.442Z] Platform:      win32
[debug] [2022-10-14T04:41:50.442Z] Node Version:  v16.13.1
[debug] [2022-10-14T04:41:50.443Z] Time:          Fri Oct 14 2022 11:41:50 GMT+0700 (Indochina Time)
[debug] [2022-10-14T04:41:50.443Z] ----------------------------------------------------------------------
[debug] 
[debug] [2022-10-14T04:41:50.505Z] > command requires scopes: ["email","openid","https://www.googleapis.com/auth/cloudplatformprojects.readonly","https://www.googleapis.com/auth/firebase","https://www.googleapis.com/auth/cloud-platform"]
[debug] [2022-10-14T04:41:50.505Z] > authorizing via signed-in user (commonbrushtail@gmail.com)
[info] 
     ######## #### ########  ######## ########     ###     ######  ########
     ##        ##  ##     ## ##       ##     ##  ##   ##  ##       ##
     ######    ##  ########  ######   ########  #########  ######  ######
     ##        ##  ##    ##  ##       ##     ## ##     ##       ## ##
     ##       #### ##     ## ######## ########  ##     ##  ######  ########

You're about to initialize a Firebase project in this directory:

  C:\Users\avidm\Documents\Project\prisoner-game

Before we get started, keep in mind:

  * You are initializing within an existing Firebase project directory

